NOTE: Picked up JDK_JAVA_OPTIONS:  --add-opens=java.base/java.lang=ALL-UNNAMED --add-opens=java.base/java.io=ALL-UNNAMED --add-opens=java.base/java.util=ALL-UNNAMED --add-opens=java.base/java.util.concurrent=ALL-UNNAMED --add-opens=java.rmi/sun.rmi.transport=ALL-UNNAMED
18-Oct-2022 16:30:18.449 INFO [main] org.apache.catalina.startup.VersionLoggerListener.log Server version name:   Apache Tomcat/9.0.68
18-Oct-2022 16:30:18.457 INFO [main] org.apache.catalina.startup.VersionLoggerListener.log Server built:          Oct 3 2022 19:06:10 UTC
18-Oct-2022 16:30:18.458 INFO [main] org.apache.catalina.startup.VersionLoggerListener.log Server version number: 9.0.68.0
18-Oct-2022 16:30:18.458 INFO [main] org.apache.catalina.startup.VersionLoggerListener.log OS Name:               Linux
18-Oct-2022 16:30:18.460 INFO [main] org.apache.catalina.startup.VersionLoggerListener.log OS Version:            5.4.72-microsoft-standard-WSL2
18-Oct-2022 16:30:18.460 INFO [main] org.apache.catalina.startup.VersionLoggerListener.log Architecture:          amd64
18-Oct-2022 16:30:18.461 INFO [main] org.apache.catalina.startup.VersionLoggerListener.log Java Home:             /usr/lib/jvm/java-17-openjdk-amd64
18-Oct-2022 16:30:18.461 INFO [main] org.apache.catalina.startup.VersionLoggerListener.log JVM Version:           17.0.3+7-Ubuntu-0ubuntu0.20.04.1
18-Oct-2022 16:30:18.462 INFO [main] org.apache.catalina.startup.VersionLoggerListener.log JVM Vendor:            Private Build
18-Oct-2022 16:30:18.463 INFO [main] org.apache.catalina.startup.VersionLoggerListener.log CATALINA_BASE:         /mnt/f/Git/jsp/apache-tomcat-9.0.68
18-Oct-2022 16:30:18.463 INFO [main] org.apache.catalina.startup.VersionLoggerListener.log CATALINA_HOME:         /mnt/f/Git/jsp/apache-tomcat-9.0.68
18-Oct-2022 16:30:18.489 INFO [main] org.apache.catalina.startup.VersionLoggerListener.log Command line argument: --add-opens=java.base/java.lang=ALL-UNNAMED
18-Oct-2022 16:30:18.489 INFO [main] org.apache.catalina.startup.VersionLoggerListener.log Command line argument: --add-opens=java.base/java.io=ALL-UNNAMED
18-Oct-2022 16:30:18.490 INFO [main] org.apache.catalina.startup.VersionLoggerListener.log Command line argument: --add-opens=java.base/java.util=ALL-UNNAMED
18-Oct-2022 16:30:18.491 INFO [main] org.apache.catalina.startup.VersionLoggerListener.log Command line argument: --add-opens=java.base/java.util.concurrent=ALL-UNNAMED
18-Oct-2022 16:30:18.491 INFO [main] org.apache.catalina.startup.VersionLoggerListener.log Command line argument: --add-opens=java.rmi/sun.rmi.transport=ALL-UNNAMED
18-Oct-2022 16:30:18.492 INFO [main] org.apache.catalina.startup.VersionLoggerListener.log Command line argument: -Djava.util.logging.config.file=/mnt/f/Git/jsp/apache-tomcat-9.0.68/conf/logging.properties
18-Oct-2022 16:30:18.493 INFO [main] org.apache.catalina.startup.VersionLoggerListener.log Command line argument: -Djava.util.logging.manager=org.apache.juli.ClassLoaderLogManager
18-Oct-2022 16:30:18.493 INFO [main] org.apache.catalina.startup.VersionLoggerListener.log Command line argument: -Djdk.tls.ephemeralDHKeySize=2048
18-Oct-2022 16:30:18.494 INFO [main] org.apache.catalina.startup.VersionLoggerListener.log Command line argument: -Djava.protocol.handler.pkgs=org.apache.catalina.webresources
18-Oct-2022 16:30:18.494 INFO [main] org.apache.catalina.startup.VersionLoggerListener.log Command line argument: -Dorg.apache.catalina.security.SecurityListener.UMASK=0027
18-Oct-2022 16:30:18.495 INFO [main] org.apache.catalina.startup.VersionLoggerListener.log Command line argument: -Dignore.endorsed.dirs=
18-Oct-2022 16:30:18.496 INFO [main] org.apache.catalina.startup.VersionLoggerListener.log Command line argument: -Dcatalina.base=/mnt/f/Git/jsp/apache-tomcat-9.0.68
18-Oct-2022 16:30:18.496 INFO [main] org.apache.catalina.startup.VersionLoggerListener.log Command line argument: -Dcatalina.home=/mnt/f/Git/jsp/apache-tomcat-9.0.68
18-Oct-2022 16:30:18.497 INFO [main] org.apache.catalina.startup.VersionLoggerListener.log Command line argument: -Djava.io.tmpdir=/mnt/f/Git/jsp/apache-tomcat-9.0.68/temp
18-Oct-2022 16:30:18.502 INFO [main] org.apache.catalina.core.AprLifecycleListener.lifecycleEvent The Apache Tomcat Native library which allows using OpenSSL was not found on the java.library.path: [/usr/java/packages/lib:/usr/lib/x86_64-linux-gnu/jni:/lib/x86_64-linux-gnu:/usr/lib/x86_64-linux-gnu:/usr/lib/jni:/lib:/usr/lib]
18-Oct-2022 16:30:19.074 INFO [main] org.apache.coyote.AbstractProtocol.init Initializing ProtocolHandler ["http-nio-8080"]
18-Oct-2022 16:30:19.114 INFO [main] org.apache.catalina.startup.Catalina.load Server initialization in [1151] milliseconds
18-Oct-2022 16:30:19.198 INFO [main] org.apache.catalina.core.StandardService.startInternal Starting service [Catalina]
18-Oct-2022 16:30:19.199 INFO [main] org.apache.catalina.core.StandardEngine.startInternal Starting Servlet engine: [Apache Tomcat/9.0.68]
18-Oct-2022 16:30:19.239 INFO [main] org.apache.catalina.startup.HostConfig.deployDirectory Deploying web application directory [/mnt/f/Git/jsp/apache-tomcat-9.0.68/webapps/docs]
18-Oct-2022 16:30:20.209 INFO [main] org.apache.catalina.startup.HostConfig.deployDirectory Deployment of web application directory [/mnt/f/Git/jsp/apache-tomcat-9.0.68/webapps/docs] has finished in [969] ms
18-Oct-2022 16:30:20.211 INFO [main] org.apache.catalina.startup.HostConfig.deployDirectory Deploying web application directory [/mnt/f/Git/jsp/apache-tomcat-9.0.68/webapps/examples]
NOTE: Picked up JDK_JAVA_OPTIONS:  --add-opens=java.base/java.lang=ALL-UNNAMED --add-opens=java.base/java.io=ALL-UNNAMED --add-opens=java.base/java.util=ALL-UNNAMED --add-opens=java.base/java.util.concurrent=ALL-UNNAMED --add-opens=java.rmi/sun.rmi.transport=ALL-UNNAMED
18-Oct-2022 16:30:25.862 INFO [main] org.apache.catalina.startup.VersionLoggerListener.log Server version name:   Apache Tomcat/9.0.68
18-Oct-2022 16:30:25.867 INFO [main] org.apache.catalina.startup.VersionLoggerListener.log Server built:          Oct 3 2022 19:06:10 UTC
18-Oct-2022 16:30:25.868 INFO [main] org.apache.catalina.startup.VersionLoggerListener.log Server version number: 9.0.68.0
18-Oct-2022 16:30:25.869 INFO [main] org.apache.catalina.startup.VersionLoggerListener.log OS Name:               Linux
18-Oct-2022 16:30:25.869 INFO [main] org.apache.catalina.startup.VersionLoggerListener.log OS Version:            5.4.72-microsoft-standard-WSL2
18-Oct-2022 16:30:25.869 INFO [main] org.apache.catalina.startup.VersionLoggerListener.log Architecture:          amd64
18-Oct-2022 16:30:25.870 INFO [main] org.apache.catalina.startup.VersionLoggerListener.log Java Home:             /usr/lib/jvm/java-17-openjdk-amd64
18-Oct-2022 16:30:25.870 INFO [main] org.apache.catalina.startup.VersionLoggerListener.log JVM Version:           17.0.3+7-Ubuntu-0ubuntu0.20.04.1
18-Oct-2022 16:30:25.871 INFO [main] org.apache.catalina.startup.VersionLoggerListener.log JVM Vendor:            Private Build
18-Oct-2022 16:30:25.871 INFO [main] org.apache.catalina.startup.VersionLoggerListener.log CATALINA_BASE:         /mnt/f/Git/jsp/apache-tomcat-9.0.68
18-Oct-2022 16:30:25.871 INFO [main] org.apache.catalina.startup.VersionLoggerListener.log CATALINA_HOME:         /mnt/f/Git/jsp/apache-tomcat-9.0.68
18-Oct-2022 16:30:25.883 INFO [main] org.apache.catalina.startup.VersionLoggerListener.log Command line argument: --add-opens=java.base/java.lang=ALL-UNNAMED
18-Oct-2022 16:30:25.884 INFO [main] org.apache.catalina.startup.VersionLoggerListener.log Command line argument: --add-opens=java.base/java.io=ALL-UNNAMED
18-Oct-2022 16:30:25.885 INFO [main] org.apache.catalina.startup.VersionLoggerListener.log Command line argument: --add-opens=java.base/java.util=ALL-UNNAMED
18-Oct-2022 16:30:25.885 INFO [main] org.apache.catalina.startup.VersionLoggerListener.log Command line argument: --add-opens=java.base/java.util.concurrent=ALL-UNNAMED
18-Oct-2022 16:30:25.886 INFO [main] org.apache.catalina.startup.VersionLoggerListener.log Command line argument: --add-opens=java.rmi/sun.rmi.transport=ALL-UNNAMED
18-Oct-2022 16:30:25.886 INFO [main] org.apache.catalina.startup.VersionLoggerListener.log Command line argument: -Djava.util.logging.config.file=/mnt/f/Git/jsp/apache-tomcat-9.0.68/conf/logging.properties
18-Oct-2022 16:30:25.887 INFO [main] org.apache.catalina.startup.VersionLoggerListener.log Command line argument: -Djava.util.logging.manager=org.apache.juli.ClassLoaderLogManager
18-Oct-2022 16:30:25.888 INFO [main] org.apache.catalina.startup.VersionLoggerListener.log Command line argument: -Djdk.tls.ephemeralDHKeySize=2048
18-Oct-2022 16:30:25.888 INFO [main] org.apache.catalina.startup.VersionLoggerListener.log Command line argument: -Djava.protocol.handler.pkgs=org.apache.catalina.webresources
18-Oct-2022 16:30:25.888 INFO [main] org.apache.catalina.startup.VersionLoggerListener.log Command line argument: -Dorg.apache.catalina.security.SecurityListener.UMASK=0027
18-Oct-2022 16:30:25.889 INFO [main] org.apache.catalina.startup.VersionLoggerListener.log Command line argument: -Dignore.endorsed.dirs=
18-Oct-2022 16:30:25.889 INFO [main] org.apache.catalina.startup.VersionLoggerListener.log Command line argument: -Dcatalina.base=/mnt/f/Git/jsp/apache-tomcat-9.0.68
18-Oct-2022 16:30:25.890 INFO [main] org.apache.catalina.startup.VersionLoggerListener.log Command line argument: -Dcatalina.home=/mnt/f/Git/jsp/apache-tomcat-9.0.68
18-Oct-2022 16:30:25.890 INFO [main] org.apache.catalina.startup.VersionLoggerListener.log Command line argument: -Djava.io.tmpdir=/mnt/f/Git/jsp/apache-tomcat-9.0.68/temp
18-Oct-2022 16:30:25.896 INFO [main] org.apache.catalina.core.AprLifecycleListener.lifecycleEvent The Apache Tomcat Native library which allows using OpenSSL was not found on the java.library.path: [/usr/java/packages/lib:/usr/lib/x86_64-linux-gnu/jni:/lib/x86_64-linux-gnu:/usr/lib/x86_64-linux-gnu:/usr/lib/jni:/lib:/usr/lib]
18-Oct-2022 16:30:25.952 INFO [main] org.apache.catalina.startup.HostConfig.deployDirectory Deployment of web application directory [/mnt/f/Git/jsp/apache-tomcat-9.0.68/webapps/examples] has finished in [5,740] ms
18-Oct-2022 16:30:25.954 INFO [main] org.apache.catalina.startup.HostConfig.deployDirectory Deploying web application directory [/mnt/f/Git/jsp/apache-tomcat-9.0.68/webapps/host-manager]
18-Oct-2022 16:30:26.433 INFO [main] org.apache.coyote.AbstractProtocol.init Initializing ProtocolHandler ["http-nio-8080"]
18-Oct-2022 16:30:26.458 SEVERE [main] org.apache.catalina.util.LifecycleBase.handleSubClassException Failed to initialize component [Connector[HTTP/1.1-8080]]
	org.apache.catalina.LifecycleException: Protocol handler initialization failed
		at org.apache.catalina.connector.Connector.initInternal(Connector.java:1051)
		at org.apache.catalina.util.LifecycleBase.init(LifecycleBase.java:136)
		at org.apache.catalina.core.StandardService.initInternal(StandardService.java:556)
		at org.apache.catalina.util.LifecycleBase.init(LifecycleBase.java:136)
		at org.apache.catalina.core.StandardServer.initInternal(StandardServer.java:1045)
		at org.apache.catalina.util.LifecycleBase.init(LifecycleBase.java:136)
		at org.apache.catalina.startup.Catalina.load(Catalina.java:724)
		at org.apache.catalina.startup.Catalina.load(Catalina.java:746)
		at java.base/jdk.internal.reflect.NativeMethodAccessorImpl.invoke0(Native Method)
		at java.base/jdk.internal.reflect.NativeMethodAccessorImpl.invoke(NativeMethodAccessorImpl.java:77)
		at java.base/jdk.internal.reflect.DelegatingMethodAccessorImpl.invoke(DelegatingMethodAccessorImpl.java:43)
		at java.base/java.lang.reflect.Method.invoke(Method.java:568)
		at org.apache.catalina.startup.Bootstrap.load(Bootstrap.java:305)
		at org.apache.catalina.startup.Bootstrap.main(Bootstrap.java:475)
	Caused by: java.net.BindException: Address already in use
		at java.base/sun.nio.ch.Net.bind0(Native Method)
		at java.base/sun.nio.ch.Net.bind(Net.java:555)
		at java.base/sun.nio.ch.ServerSocketChannelImpl.netBind(ServerSocketChannelImpl.java:337)
		at java.base/sun.nio.ch.ServerSocketChannelImpl.bind(ServerSocketChannelImpl.java:294)
		at org.apache.tomcat.util.net.NioEndpoint.initServerSocket(NioEndpoint.java:275)
		at org.apache.tomcat.util.net.NioEndpoint.bind(NioEndpoint.java:230)
		at org.apache.tomcat.util.net.AbstractEndpoint.bindWithCleanup(AbstractEndpoint.java:1227)
		at org.apache.tomcat.util.net.AbstractEndpoint.init(AbstractEndpoint.java:1240)
		at org.apache.coyote.AbstractProtocol.init(AbstractProtocol.java:606)
		at org.apache.coyote.http11.AbstractHttp11Protocol.init(AbstractHttp11Protocol.java:77)
		at org.apache.catalina.connector.Connector.initInternal(Connector.java:1048)
		... 13 more
18-Oct-2022 16:30:26.460 INFO [main] org.apache.catalina.startup.Catalina.load Server initialization in [947] milliseconds
18-Oct-2022 16:30:26.544 INFO [main] org.apache.catalina.core.StandardService.startInternal Starting service [Catalina]
18-Oct-2022 16:30:26.545 INFO [main] org.apache.catalina.core.StandardEngine.startInternal Starting Servlet engine: [Apache Tomcat/9.0.68]
18-Oct-2022 16:30:26.580 INFO [main] org.apache.catalina.startup.HostConfig.deployDirectory Deploying web application directory [/mnt/f/Git/jsp/apache-tomcat-9.0.68/webapps/docs]
18-Oct-2022 16:30:26.738 INFO [main] org.apache.catalina.startup.HostConfig.deployDirectory Deployment of web application directory [/mnt/f/Git/jsp/apache-tomcat-9.0.68/webapps/host-manager] has finished in [784] ms
18-Oct-2022 16:30:26.740 INFO [main] org.apache.catalina.startup.HostConfig.deployDirectory Deploying web application directory [/mnt/f/Git/jsp/apache-tomcat-9.0.68/webapps/manager]
18-Oct-2022 16:30:27.802 INFO [main] org.apache.catalina.startup.HostConfig.deployDirectory Deployment of web application directory [/mnt/f/Git/jsp/apache-tomcat-9.0.68/webapps/manager] has finished in [1,061] ms
18-Oct-2022 16:30:27.804 INFO [main] org.apache.catalina.startup.HostConfig.deployDirectory Deploying web application directory [/mnt/f/Git/jsp/apache-tomcat-9.0.68/webapps/ROOT]
18-Oct-2022 16:30:27.834 INFO [main] org.apache.catalina.startup.HostConfig.deployDirectory Deployment of web application directory [/mnt/f/Git/jsp/apache-tomcat-9.0.68/webapps/docs] has finished in [1,253] ms
18-Oct-2022 16:30:27.836 INFO [main] org.apache.catalina.startup.HostConfig.deployDirectory Deploying web application directory [/mnt/f/Git/jsp/apache-tomcat-9.0.68/webapps/examples]
18-Oct-2022 16:30:28.176 INFO [main] org.apache.catalina.startup.HostConfig.deployDirectory Deployment of web application directory [/mnt/f/Git/jsp/apache-tomcat-9.0.68/webapps/ROOT] has finished in [372] ms
18-Oct-2022 16:30:28.185 INFO [main] org.apache.coyote.AbstractProtocol.start Starting ProtocolHandler ["http-nio-8080"]
18-Oct-2022 16:30:28.209 INFO [main] org.apache.catalina.startup.Catalina.start Server startup in [9094] milliseconds
18-Oct-2022 16:30:33.519 INFO [main] org.apache.catalina.startup.HostConfig.deployDirectory Deployment of web application directory [/mnt/f/Git/jsp/apache-tomcat-9.0.68/webapps/examples] has finished in [5,683] ms
18-Oct-2022 16:30:33.522 INFO [main] org.apache.catalina.startup.HostConfig.deployDirectory Deploying web application directory [/mnt/f/Git/jsp/apache-tomcat-9.0.68/webapps/host-manager]
18-Oct-2022 16:30:34.121 INFO [main] org.apache.catalina.startup.HostConfig.deployDirectory Deployment of web application directory [/mnt/f/Git/jsp/apache-tomcat-9.0.68/webapps/host-manager] has finished in [600] ms
18-Oct-2022 16:30:34.123 INFO [main] org.apache.catalina.startup.HostConfig.deployDirectory Deploying web application directory [/mnt/f/Git/jsp/apache-tomcat-9.0.68/webapps/manager]
18-Oct-2022 16:30:34.967 INFO [main] org.apache.catalina.startup.HostConfig.deployDirectory Deployment of web application directory [/mnt/f/Git/jsp/apache-tomcat-9.0.68/webapps/manager] has finished in [844] ms
18-Oct-2022 16:30:34.969 INFO [main] org.apache.catalina.startup.HostConfig.deployDirectory Deploying web application directory [/mnt/f/Git/jsp/apache-tomcat-9.0.68/webapps/ROOT]
18-Oct-2022 16:30:35.419 INFO [main] org.apache.catalina.startup.HostConfig.deployDirectory Deployment of web application directory [/mnt/f/Git/jsp/apache-tomcat-9.0.68/webapps/ROOT] has finished in [450] ms
18-Oct-2022 16:30:35.430 INFO [main] org.apache.catalina.startup.Catalina.start Server startup in [8968] milliseconds
18-Oct-2022 16:30:35.440 SEVERE [main] org.apache.catalina.core.StandardServer.await Failed to create server shutdown socket on address [localhost] and port [8005] (base port [8005] and offset [0])
	java.net.BindException: Address already in use
		at java.base/sun.nio.ch.Net.bind0(Native Method)
		at java.base/sun.nio.ch.Net.bind(Net.java:555)
		at java.base/sun.nio.ch.Net.bind(Net.java:544)
		at java.base/sun.nio.ch.NioSocketImpl.bind(NioSocketImpl.java:643)
		at java.base/java.net.ServerSocket.bind(ServerSocket.java:388)
		at java.base/java.net.ServerSocket.<init>(ServerSocket.java:274)
		at org.apache.catalina.core.StandardServer.await(StandardServer.java:580)
		at org.apache.catalina.startup.Catalina.await(Catalina.java:864)
		at org.apache.catalina.startup.Catalina.start(Catalina.java:810)
		at java.base/jdk.internal.reflect.NativeMethodAccessorImpl.invoke0(Native Method)
		at java.base/jdk.internal.reflect.NativeMethodAccessorImpl.invoke(NativeMethodAccessorImpl.java:77)
		at java.base/jdk.internal.reflect.DelegatingMethodAccessorImpl.invoke(DelegatingMethodAccessorImpl.java:43)
		at java.base/java.lang.reflect.Method.invoke(Method.java:568)
		at org.apache.catalina.startup.Bootstrap.start(Bootstrap.java:345)
		at org.apache.catalina.startup.Bootstrap.main(Bootstrap.java:476)
18-Oct-2022 16:30:35.441 INFO [main] org.apache.coyote.AbstractProtocol.pause Pausing ProtocolHandler ["http-nio-8080"]
18-Oct-2022 16:30:35.441 INFO [main] org.apache.catalina.core.StandardService.stopInternal Stopping service [Catalina]
18-Oct-2022 16:30:35.493 INFO [main] org.apache.coyote.AbstractProtocol.stop Stopping ProtocolHandler ["http-nio-8080"]
18-Oct-2022 16:30:35.495 INFO [main] org.apache.coyote.AbstractProtocol.destroy Destroying ProtocolHandler ["http-nio-8080"]
